<?xml version="1.0" encoding="UTF-8"?>
<!-- Generated by org.testng.reporters.JUnitReportReporter -->
<testsuite hostname="Omika" failures="0" tests="1" name="DataProvider.Part20_UsinDatainClass" time="0.000" errors="0" timestamp="2024-10-30T11:17:00 IST" skipped="1">
  <testcase classname="DataProvider.Part20_UsinDatainClass" name="testDataProviderWithName" time="0.000">
    <skipped/>
  </testcase> <!-- testDataProviderWithName -->
  <system-out/>
</testsuite> <!-- DataProvider.Part20_UsinDatainClass -->
