<?xml version="1.0" encoding="UTF-8"?>
<!-- Generated by org.testng.reporters.JUnitReportReporter -->
<testsuite hostname="Omika" failures="0" tests="5" name="Part25_Listners.ParallalExcution" time="3.026" errors="0" timestamp="2024-10-30T16:24:24 IST" skipped="0">
  <testcase classname="Part25_Listners.ParallalExcution" name="FifthTestCases" time="0.019"/>
  <system-out/>
  <testcase classname="Part25_Listners.ParallalExcution" name="ForthTestCases" time="0.001"/>
  <system-out/>
  <testcase classname="Part25_Listners.ParallalExcution" name="ThirdTestCases" time="0.002"/>
  <system-out/>
  <testcase classname="Part25_Listners.ParallalExcution" name="FirstTestCases" time="0.002"/>
  <system-out/>
  <testcase classname="Part25_Listners.ParallalExcution" name="SecondTestCases" time="3.002"/>
  <system-out/>
</testsuite> <!-- Part25_Listners.ParallalExcution -->
