<?xml version="1.0" encoding="UTF-8"?>
<!-- Generated by org.testng.reporters.JUnitReportReporter -->
<testsuite hostname="Omika" failures="0" tests="3" name="Part22_ParallalTest.ParallalExcution2" time="0.029" errors="0" timestamp="2024-10-30T13:27:54 IST" skipped="0">
  <testcase classname="Part22_ParallalTest.ParallalExcution2" name="sevenTestCases" time="0.007"/>
  <system-out/>
  <testcase classname="Part22_ParallalTest.ParallalExcution2" name="sixTestCases" time="0.002"/>
  <system-out/>
  <testcase classname="Part22_ParallalTest.ParallalExcution2" name="eightTestCases2" time="0.020"/>
  <system-out/>
</testsuite> <!-- Part22_ParallalTest.ParallalExcution2 -->
