<?xml version="1.0" encoding="UTF-8"?>
<!-- Generated by org.testng.reporters.JUnitReportReporter -->
<testsuite hostname="Omika" failures="0" tests="5" name="Part22_ParallalTest.ParallalExcution" time="3.034" errors="0" timestamp="2024-10-30T13:27:54 IST" skipped="0">
  <testcase classname="Part22_ParallalTest.ParallalExcution" name="SecondTestCases" time="3.004"/>
  <system-out/>
  <testcase classname="Part22_ParallalTest.ParallalExcution" name="FifthTestCases" time="0.020"/>
  <system-out/>
  <testcase classname="Part22_ParallalTest.ParallalExcution" name="ForthTestCases" time="0.003"/>
  <system-out/>
  <testcase classname="Part22_ParallalTest.ParallalExcution" name="ThirdTestCases" time="0.002"/>
  <system-out/>
  <testcase classname="Part22_ParallalTest.ParallalExcution" name="FirstTestCases" time="0.005"/>
  <system-out/>
</testsuite> <!-- Part22_ParallalTest.ParallalExcution -->
