<?xml version="1.0" encoding="UTF-8"?>
<!-- Generated by org.testng.reporters.JUnitReportReporter -->
<testsuite hostname="Omika" failures="0" tests="2" name="Part22_ParallalTest.ParallalExcution3" time="0.023" errors="0" timestamp="2024-10-30T13:27:54 IST" skipped="0">
  <testcase classname="Part22_ParallalTest.ParallalExcution3" name="nineTestCases" time="0.020"/>
  <system-out/>
  <testcase classname="Part22_ParallalTest.ParallalExcution3" name="tenTestCases" time="0.003"/>
  <system-out/>
</testsuite> <!-- Part22_ParallalTest.ParallalExcution3 -->
