<?xml version="1.0" encoding="UTF-8"?>
<!-- Generated by org.testng.reporters.JUnitReportReporter -->
<testsuite hostname="Omika" failures="0" tests="4" name="Part22_ParallalTest.DataProviderParalla" time="20.140" errors="0" timestamp="2024-10-30T13:17:31 IST" skipped="0">
  <testcase classname="Part22_ParallalTest.DataProviderParalla" name="testDataProvider" time="6.183"/>
  <system-out/>
  <testcase classname="Part22_ParallalTest.DataProviderParalla" name="testDataProviderWithName" time="4.351"/>
  <system-out/>
  <testcase classname="Part22_ParallalTest.DataProviderParalla" name="testDataProvider" time="6.885"/>
  <system-out/>
  <testcase classname="Part22_ParallalTest.DataProviderParalla" name="testDataProviderWithName" time="2.721"/>
  <system-out/>
</testsuite> <!-- Part22_ParallalTest.DataProviderParalla -->
