<?xml version="1.0" encoding="UTF-8"?>
<!-- Generated by org.testng.reporters.JUnitReportReporter -->
<testsuite hostname="Omika" failures="0" tests="2" name="Part26_Screenshot.TestClassScr" time="7.695" errors="0" timestamp="2024-10-30T17:25:32 IST" skipped="0">
  <testcase classname="Part26_Screenshot.TestClassScr" name="testDataProvider" time="4.112"/>
  <system-out/>
  <testcase classname="Part26_Screenshot.TestClassScr" name="testDataProvider" time="3.583"/>
  <system-out/>
</testsuite> <!-- Part26_Screenshot.TestClassScr -->
