<?xml version="1.0" encoding="UTF-8"?>
<!-- Generated by org.testng.reporters.JUnitReportReporter -->
<testsuite hostname="Omika" failures="0" tests="4" name="ExtentRpeort.DataProviderReport" time="14.603" errors="0" timestamp="2024-11-01T10:25:51 IST" skipped="0">
  <testcase classname="ExtentRpeort.DataProviderReport" name="testDataProvider" time="3.898"/>
  <system-out/>
  <testcase classname="ExtentRpeort.DataProviderReport" name="testDataProviderWithName" time="3.463"/>
  <system-out/>
  <testcase classname="ExtentRpeort.DataProviderReport" name="testDataProvider" time="3.778"/>
  <system-out/>
  <testcase classname="ExtentRpeort.DataProviderReport" name="testDataProviderWithName" time="3.464"/>
  <system-out/>
</testsuite> <!-- ExtentRpeort.DataProviderReport -->
